<?xml version="1.0" encoding="UTF-8"?>
<testng-results ignored="0" total="1" passed="1" failed="0" skipped="0">
  <reporter-output>
  </reporter-output>
  <suite started-at="2021-08-10T04:32:56Z" name="Default suite" finished-at="2021-08-10T04:33:39Z" duration-ms="42966">
    <groups>
    </groups>
    <test started-at="2021-08-10T04:32:56Z" name="Default test" finished-at="2021-08-10T04:33:39Z" duration-ms="42966">
      <class name="Day01_Demo.Test1_Add_Skills_Static_Parameters">
        <test-method signature="AddSkills()[pri:0, instance:Day01_Demo.Test1_Add_Skills_Static_Parameters@662706a7]" started-at="2021-08-10T04:32:56Z" name="AddSkills" finished-at="2021-08-10T04:33:39Z" duration-ms="42933" status="PASS">
          <reporter-output>
          </reporter-output>
        </test-method> <!-- AddSkills -->
      </class> <!-- Day01_Demo.Test1_Add_Skills_Static_Parameters -->
    </test> <!-- Default test -->
  </suite> <!-- Default suite -->
</testng-results>
