<?xml version="1.0" encoding="UTF-8"?>
<testng-results ignored="0" total="1" passed="1" failed="0" skipped="0">
  <reporter-output>
    <line>
      <![CDATA[<table> <tr >  <img   style="border:1px solid black;"      src="C:\HTML Report\HtmlTemplates\Logo.JPEG"></tr><tr   ><center><font color="red"  size="15" >TC019_2021_Sep_07_9_57_15_am</font></center></tr><tr bgcolor="#9370DB"> <th width="100px"> <center><font color="white"  size="4" >Steps</font></center><font color="white"  size="4" ></font></center> </th> <th width="450px" ><center><font color="white"  size="4" >Details </font> </center></th> <th width="100px" ><center><font color="white"  size="4" >Status</font></center></th>  <th  width="250px"  ><center><font color="white"  size="4" >Screen Shots</font></center></th> <th width="250px"  ><center><font color="white"  size="4" >Date & Time</font></center></th>  </tr>       ]]>
    </line>
    <line>
      <![CDATA[ <tr bgcolor="#eee"> <th width="100px"> <center>Step&nbsp;1</center> </th> <th width="450px" ><center><b><font color='black'>   Login Page - Orange HRM Login Page</b> </font></center></th> <th width="100px" ><center><img src='file:///C:\HTML Report\HtmlTemplates\passed.ico'    +     "width="30" + height="30"></img></center></th>  <th  width="250px"  ><center><a href=C:/HTML Report/test-output/TempScreenShots/TC019_2021_Sep_07_9_57_15_am_2021_Sep_07_9_57_18_476_am/07_Sep_2021 9_58_44_929 am.png target="popup" onclick="window.open('C:/HTML Report/test-output/TempScreenShots/TC019_2021_Sep_07_9_57_15_am_2021_Sep_07_9_57_18_476_am/07_Sep_2021 9_58_44_929 am.png','popup','width=600,height=600'); return false;"> ScreenShot</a> </center></th> <th width="250px"  ><center>2021_Sep_07_9_58_45_619_am</center></th>  </tr>      ]]>
    </line>
    <line>
      <![CDATA[ <tr bgcolor="#ddd"> <th width="100px"> <center>Step&nbsp;2</center> </th> <th width="450px" ><center><b><font color='black'>   Login Page - credentials</b> </font></center></th> <th width="100px" ><center><img src='file:///C:\HTML Report\HtmlTemplates\passed.ico'    +     "width="30" + height="30"></img></center></th>  <th  width="250px"  ><center><a href=C:/HTML Report/test-output/TempScreenShots/TC019_2021_Sep_07_9_57_15_am_2021_Sep_07_9_57_18_476_am/07_Sep_2021 9_58_45_886 am.png target="popup" onclick="window.open('C:/HTML Report/test-output/TempScreenShots/TC019_2021_Sep_07_9_57_15_am_2021_Sep_07_9_57_18_476_am/07_Sep_2021 9_58_45_886 am.png','popup','width=600,height=600'); return false;"> ScreenShot</a> </center></th> <th width="250px"  ><center>2021_Sep_07_9_58_46_162_am</center></th>  </tr>      ]]>
    </line>
    <line>
      <![CDATA[ <tr bgcolor="#eee"> <th width="100px"> <center>Step&nbsp;3</center> </th> <th width="450px" ><center><b><font color='black'>   Nationality Page - Nationality Entered</b> </font></center></th> <th width="100px" ><center><img src='file:///C:\HTML Report\HtmlTemplates\passed.ico'    +     "width="30" + height="30"></img></center></th>  <th  width="250px"  ><center><a href=C:/HTML Report/test-output/TempScreenShots/TC019_2021_Sep_07_9_57_15_am_2021_Sep_07_9_57_18_476_am/07_Sep_2021 9_59_42_761 am.png target="popup" onclick="window.open('C:/HTML Report/test-output/TempScreenShots/TC019_2021_Sep_07_9_57_15_am_2021_Sep_07_9_57_18_476_am/07_Sep_2021 9_59_42_761 am.png','popup','width=600,height=600'); return false;"> ScreenShot</a> </center></th> <th width="250px"  ><center>2021_Sep_07_9_59_43_015_am</center></th>  </tr>      ]]>
    </line>
    <line>
      <![CDATA[ <tr bgcolor="#ddd"> <th width="100px"> <center>Step&nbsp;4</center> </th> <th width="450px" ><center><b><font color='black'>   Nationality Page - Nationality Entered</b> </font></center></th> <th width="100px" ><center><img src='file:///C:\HTML Report\HtmlTemplates\passed.ico'    +     "width="30" + height="30"></img></center></th>  <th  width="250px"  ><center><a href=C:/HTML Report/test-output/TempScreenShots/TC019_2021_Sep_07_9_57_15_am_2021_Sep_07_9_57_18_476_am/07_Sep_2021 9_59_43_015 am.png target="popup" onclick="window.open('C:/HTML Report/test-output/TempScreenShots/TC019_2021_Sep_07_9_57_15_am_2021_Sep_07_9_57_18_476_am/07_Sep_2021 9_59_43_015 am.png','popup','width=600,height=600'); return false;"> ScreenShot</a> </center></th> <th width="250px"  ><center>2021_Sep_07_9_59_43_204_am</center></th>  </tr>      ]]>
    </line>
    <line>
      <![CDATA[ <tr bgcolor="#eee"> <th width="100px"> <center>Step&nbsp;5</center> </th> <th width="450px" ><center><b><font color='black'>   Nationality Page - Scroll and verify the record details</b> </font></center></th> <th width="100px" ><center><img src='file:///C:\HTML Report\HtmlTemplates\passed.ico'    +     "width="30" + height="30"></img></center></th>  <th  width="250px"  ><center><a href=C:/HTML Report/test-output/TempScreenShots/TC019_2021_Sep_07_9_57_15_am_2021_Sep_07_9_57_18_476_am/07_Sep_2021 9_59_43_405 am.png target="popup" onclick="window.open('C:/HTML Report/test-output/TempScreenShots/TC019_2021_Sep_07_9_57_15_am_2021_Sep_07_9_57_18_476_am/07_Sep_2021 9_59_43_405 am.png','popup','width=600,height=600'); return false;"> ScreenShot</a> </center></th> <th width="250px"  ><center>2021_Sep_07_9_59_43_590_am</center></th>  </tr>      ]]>
    </line>
    <line>
      <![CDATA[ <tr bgcolor="#ddd"> <th width="100px"> <center>Step&nbsp;6</center> </th> <th width="450px" ><center><b><font color='black'>   HomePage - Logout</b> </font></center></th> <th width="100px" ><center><img src='file:///C:\HTML Report\HtmlTemplates\passed.ico'    +     "width="30" + height="30"></img></center></th>  <th  width="250px"  ><center><a href=C:/HTML Report/test-output/TempScreenShots/TC019_2021_Sep_07_9_57_15_am_2021_Sep_07_9_57_18_476_am/07_Sep_2021 9_59_43_887 am.png target="popup" onclick="window.open('C:/HTML Report/test-output/TempScreenShots/TC019_2021_Sep_07_9_57_15_am_2021_Sep_07_9_57_18_476_am/07_Sep_2021 9_59_43_887 am.png','popup','width=600,height=600'); return false;"> ScreenShot</a> </center></th> <th width="250px"  ><center>2021_Sep_07_9_59_44_156_am</center></th>  </tr>      ]]>
    </line>
    <line>
      <![CDATA[ <tr bgcolor="#eee"> <th width="100px"> <center>Step&nbsp;7</center> </th> <th width="450px" ><center><b><font color='black'>   Login - after Logout</b> </font></center></th> <th width="100px" ><center><img src='file:///C:\HTML Report\HtmlTemplates\passed.ico'    +     "width="30" + height="30"></img></center></th>  <th  width="250px"  ><center><a href=C:/HTML Report/test-output/TempScreenShots/TC019_2021_Sep_07_9_57_15_am_2021_Sep_07_9_57_18_476_am/07_Sep_2021 9_59_45_957 am.png target="popup" onclick="window.open('C:/HTML Report/test-output/TempScreenShots/TC019_2021_Sep_07_9_57_15_am_2021_Sep_07_9_57_18_476_am/07_Sep_2021 9_59_45_957 am.png','popup','width=600,height=600'); return false;"> ScreenShot</a> </center></th> <th width="250px"  ><center>2021_Sep_07_9_59_46_211_am</center></th>  </tr>      ]]>
    </line>
  </reporter-output>
  <suite started-at="2021-09-07T09:57:15 IST" name="Suite" finished-at="2021-09-07T10:01:40 IST" duration-ms="264651">
    <groups>
    </groups>
    <test started-at="2021-09-07T09:57:15 IST" name="Test" finished-at="2021-09-07T10:01:40 IST" duration-ms="264651">
      <class name="TestCases.TC01_Test">
        <test-method signature="Test567(java.lang.String,java.lang.String,java.lang.String,java.lang.String,java.lang.String)[pri:0, instance:TestCases.TC01_Test@3012646b]" started-at="2021-09-07T09:57:16 IST" name="Test567" data-provider="TC01_Add_Nationality" finished-at="2021-09-07T10:01:40 IST" duration-ms="263982" status="PASS">
          <params>
            <param index="0">
              <value>
                <![CDATA[Chrome]]>
              </value>
            </param>
            <param index="1">
              <value>
                <![CDATA[https://opensource-demo.orangehrmlive.com/]]>
              </value>
            </param>
            <param index="2">
              <value>
                <![CDATA[Admin]]>
              </value>
            </param>
            <param index="3">
              <value>
                <![CDATA[admin123]]>
              </value>
            </param>
            <param index="4">
              <value>
                <![CDATA[Mexicans124]]>
              </value>
            </param>
          </params>
          <reporter-output>
            <line>
              <![CDATA[<table> <tr >  <img   style="border:1px solid black;"      src="C:\HTML Report\HtmlTemplates\Logo.JPEG"></tr><tr   ><center><font color="red"  size="15" >TC019_2021_Sep_07_9_57_15_am</font></center></tr><tr bgcolor="#9370DB"> <th width="100px"> <center><font color="white"  size="4" >Steps</font></center><font color="white"  size="4" ></font></center> </th> <th width="450px" ><center><font color="white"  size="4" >Details </font> </center></th> <th width="100px" ><center><font color="white"  size="4" >Status</font></center></th>  <th  width="250px"  ><center><font color="white"  size="4" >Screen Shots</font></center></th> <th width="250px"  ><center><font color="white"  size="4" >Date & Time</font></center></th>  </tr>       ]]>
            </line>
            <line>
              <![CDATA[ <tr bgcolor="#eee"> <th width="100px"> <center>Step&nbsp;1</center> </th> <th width="450px" ><center><b><font color='black'>   Login Page - Orange HRM Login Page</b> </font></center></th> <th width="100px" ><center><img src='file:///C:\HTML Report\HtmlTemplates\passed.ico'    +     "width="30" + height="30"></img></center></th>  <th  width="250px"  ><center><a href=C:/HTML Report/test-output/TempScreenShots/TC019_2021_Sep_07_9_57_15_am_2021_Sep_07_9_57_18_476_am/07_Sep_2021 9_58_44_929 am.png target="popup" onclick="window.open('C:/HTML Report/test-output/TempScreenShots/TC019_2021_Sep_07_9_57_15_am_2021_Sep_07_9_57_18_476_am/07_Sep_2021 9_58_44_929 am.png','popup','width=600,height=600'); return false;"> ScreenShot</a> </center></th> <th width="250px"  ><center>2021_Sep_07_9_58_45_619_am</center></th>  </tr>      ]]>
            </line>
            <line>
              <![CDATA[ <tr bgcolor="#ddd"> <th width="100px"> <center>Step&nbsp;2</center> </th> <th width="450px" ><center><b><font color='black'>   Login Page - credentials</b> </font></center></th> <th width="100px" ><center><img src='file:///C:\HTML Report\HtmlTemplates\passed.ico'    +     "width="30" + height="30"></img></center></th>  <th  width="250px"  ><center><a href=C:/HTML Report/test-output/TempScreenShots/TC019_2021_Sep_07_9_57_15_am_2021_Sep_07_9_57_18_476_am/07_Sep_2021 9_58_45_886 am.png target="popup" onclick="window.open('C:/HTML Report/test-output/TempScreenShots/TC019_2021_Sep_07_9_57_15_am_2021_Sep_07_9_57_18_476_am/07_Sep_2021 9_58_45_886 am.png','popup','width=600,height=600'); return false;"> ScreenShot</a> </center></th> <th width="250px"  ><center>2021_Sep_07_9_58_46_162_am</center></th>  </tr>      ]]>
            </line>
            <line>
              <![CDATA[ <tr bgcolor="#eee"> <th width="100px"> <center>Step&nbsp;3</center> </th> <th width="450px" ><center><b><font color='black'>   Nationality Page - Nationality Entered</b> </font></center></th> <th width="100px" ><center><img src='file:///C:\HTML Report\HtmlTemplates\passed.ico'    +     "width="30" + height="30"></img></center></th>  <th  width="250px"  ><center><a href=C:/HTML Report/test-output/TempScreenShots/TC019_2021_Sep_07_9_57_15_am_2021_Sep_07_9_57_18_476_am/07_Sep_2021 9_59_42_761 am.png target="popup" onclick="window.open('C:/HTML Report/test-output/TempScreenShots/TC019_2021_Sep_07_9_57_15_am_2021_Sep_07_9_57_18_476_am/07_Sep_2021 9_59_42_761 am.png','popup','width=600,height=600'); return false;"> ScreenShot</a> </center></th> <th width="250px"  ><center>2021_Sep_07_9_59_43_015_am</center></th>  </tr>      ]]>
            </line>
            <line>
              <![CDATA[ <tr bgcolor="#ddd"> <th width="100px"> <center>Step&nbsp;4</center> </th> <th width="450px" ><center><b><font color='black'>   Nationality Page - Nationality Entered</b> </font></center></th> <th width="100px" ><center><img src='file:///C:\HTML Report\HtmlTemplates\passed.ico'    +     "width="30" + height="30"></img></center></th>  <th  width="250px"  ><center><a href=C:/HTML Report/test-output/TempScreenShots/TC019_2021_Sep_07_9_57_15_am_2021_Sep_07_9_57_18_476_am/07_Sep_2021 9_59_43_015 am.png target="popup" onclick="window.open('C:/HTML Report/test-output/TempScreenShots/TC019_2021_Sep_07_9_57_15_am_2021_Sep_07_9_57_18_476_am/07_Sep_2021 9_59_43_015 am.png','popup','width=600,height=600'); return false;"> ScreenShot</a> </center></th> <th width="250px"  ><center>2021_Sep_07_9_59_43_204_am</center></th>  </tr>      ]]>
            </line>
            <line>
              <![CDATA[ <tr bgcolor="#eee"> <th width="100px"> <center>Step&nbsp;5</center> </th> <th width="450px" ><center><b><font color='black'>   Nationality Page - Scroll and verify the record details</b> </font></center></th> <th width="100px" ><center><img src='file:///C:\HTML Report\HtmlTemplates\passed.ico'    +     "width="30" + height="30"></img></center></th>  <th  width="250px"  ><center><a href=C:/HTML Report/test-output/TempScreenShots/TC019_2021_Sep_07_9_57_15_am_2021_Sep_07_9_57_18_476_am/07_Sep_2021 9_59_43_405 am.png target="popup" onclick="window.open('C:/HTML Report/test-output/TempScreenShots/TC019_2021_Sep_07_9_57_15_am_2021_Sep_07_9_57_18_476_am/07_Sep_2021 9_59_43_405 am.png','popup','width=600,height=600'); return false;"> ScreenShot</a> </center></th> <th width="250px"  ><center>2021_Sep_07_9_59_43_590_am</center></th>  </tr>      ]]>
            </line>
            <line>
              <![CDATA[ <tr bgcolor="#ddd"> <th width="100px"> <center>Step&nbsp;6</center> </th> <th width="450px" ><center><b><font color='black'>   HomePage - Logout</b> </font></center></th> <th width="100px" ><center><img src='file:///C:\HTML Report\HtmlTemplates\passed.ico'    +     "width="30" + height="30"></img></center></th>  <th  width="250px"  ><center><a href=C:/HTML Report/test-output/TempScreenShots/TC019_2021_Sep_07_9_57_15_am_2021_Sep_07_9_57_18_476_am/07_Sep_2021 9_59_43_887 am.png target="popup" onclick="window.open('C:/HTML Report/test-output/TempScreenShots/TC019_2021_Sep_07_9_57_15_am_2021_Sep_07_9_57_18_476_am/07_Sep_2021 9_59_43_887 am.png','popup','width=600,height=600'); return false;"> ScreenShot</a> </center></th> <th width="250px"  ><center>2021_Sep_07_9_59_44_156_am</center></th>  </tr>      ]]>
            </line>
            <line>
              <![CDATA[ <tr bgcolor="#eee"> <th width="100px"> <center>Step&nbsp;7</center> </th> <th width="450px" ><center><b><font color='black'>   Login - after Logout</b> </font></center></th> <th width="100px" ><center><img src='file:///C:\HTML Report\HtmlTemplates\passed.ico'    +     "width="30" + height="30"></img></center></th>  <th  width="250px"  ><center><a href=C:/HTML Report/test-output/TempScreenShots/TC019_2021_Sep_07_9_57_15_am_2021_Sep_07_9_57_18_476_am/07_Sep_2021 9_59_45_957 am.png target="popup" onclick="window.open('C:/HTML Report/test-output/TempScreenShots/TC019_2021_Sep_07_9_57_15_am_2021_Sep_07_9_57_18_476_am/07_Sep_2021 9_59_45_957 am.png','popup','width=600,height=600'); return false;"> ScreenShot</a> </center></th> <th width="250px"  ><center>2021_Sep_07_9_59_46_211_am</center></th>  </tr>      ]]>
            </line>
          </reporter-output>
        </test-method> <!-- Test567 -->
      </class> <!-- TestCases.TC01_Test -->
    </test> <!-- Test -->
  </suite> <!-- Suite -->
</testng-results>
